<?xml version="1.0" encoding="UTF-8"?>
<!-- Generated by org.testng.reporters.JUnitXMLReporter -->
<testsuite hostname="innovationteam-ThinkPad-T440p" name="Default test" tests="3" failures="0" timestamp="9 Sep 2015 11:56:19 GMT" time="25.589" errors="0">
  <testcase name="testLogin" time="15.108" classname="example.LoginTest"/>
  <testcase name="testIsOnline" time="0.026" classname="example.LoginTest"/>
  <testcase name="testMenuPresent" time="0.033" classname="example.LoginTest"/>
</testsuite> <!-- Default test -->
