<?xml version="1.0" encoding="UTF-8" ?>
<testsuite failures="1" time="52.871" errors="0" skipped="0" tests="1" name="example.LoginTest">
  <properties>
[...]
</properties>
  <testcase time="52.871" classname="example.LoginTest" name="testLogin">
    <failure message="disconnected: received Inspector.detached event
  (Session info: chrome=44.0.2403.157)
  (Driver info: chromedriver=2.19.346067 (6abd8652f8bc7a1d825962003ac88ec6a37a82f1),platform=Linux 3.16.0-38-generic x86_64) (WARNING: The server did not provide any stacktrace information)
Command duration or timeout: 52.65 seconds
Build info: version: &apos;2.45.0&apos;, revision: &apos;5017cb8e7ca8e37638dc3091b2440b90a1d8686f&apos;, time: &apos;2015-02-27 09:10:26&apos;
System info: host: &apos;innovationteam-ThinkPad-T440p&apos;, ip: &apos;127.0.1.1&apos;, os.name: &apos;Linux&apos;, os.arch: &apos;amd64&apos;, os.version: &apos;3.16.0-38-generic&apos;, java.version: &apos;1.7.0_79&apos;
*** Element info: {Using=link text, value=Sessionsssss}
Session ID: c2f9e22c7e3bfc83929d29e187392ea7
Driver info: org.openqa.selenium.chrome.ChromeDriver
Capabilities [{platform=LINUX, acceptSslCerts=true, javascriptEnabled=true, browserName=chrome, chrome={userDataDir=/tmp/.com.google.Chrome.maO6ku}, rotatable=false, locationContextEnabled=true, mobileEmulationEnabled=false, version=44.0.2403.157, takesHeapSnapshot=true, cssSelectorsEnabled=true, databaseEnabled=false, handlesAlerts=true, browserConnectionEnabled=false, webStorageEnabled=true, nativeEvents=true, hasTouchScreen=false, applicationCacheEnabled=false, takesScreenshot=true}]" type="org.openqa.selenium.WebDriverException">org.openqa.selenium.WebDriverException: disconnected: received Inspector.detached event
  (Session info: chrome=44.0.2403.157)
  (Driver info: chromedriver=2.19.346067 (6abd8652f8bc7a1d825962003ac88ec6a37a82f1),platform=Linux 3.16.0-38-generic x86_64) (WARNING: The server did not provide any stacktrace information)
Command duration or timeout: 52.65 seconds
Build info: version: &apos;2.45.0&apos;, revision: &apos;5017cb8e7ca8e37638dc3091b2440b90a1d8686f&apos;, time: &apos;2015-02-27 09:10:26&apos;
System info: host: &apos;innovationteam-ThinkPad-T440p&apos;, ip: &apos;127.0.1.1&apos;, os.name: &apos;Linux&apos;, os.arch: &apos;amd64&apos;, os.version: &apos;3.16.0-38-generic&apos;, java.version: &apos;1.7.0_79&apos;
*** Element info: {Using=link text, value=Sessionsssss}
Session ID: c2f9e22c7e3bfc83929d29e187392ea7
Driver info: org.openqa.selenium.chrome.ChromeDriver
Capabilities [{platform=LINUX, acceptSslCerts=true, javascriptEnabled=true, browserName=chrome, chrome={userDataDir=/tmp/.com.google.Chrome.maO6ku}, rotatable=false, locationContextEnabled=true, mobileEmulationEnabled=false, version=44.0.2403.157, takesHeapSnapshot=true, cssSelectorsEnabled=true, databaseEnabled=false, handlesAlerts=true, browserConnectionEnabled=false, webStorageEnabled=true, nativeEvents=true, hasTouchScreen=false, applicationCacheEnabled=false, takesScreenshot=true}]
	at sun.reflect.NativeConstructorAccessorImpl.newInstance0(Native Method)
	at sun.reflect.NativeConstructorAccessorImpl.newInstance(NativeConstructorAccessorImpl.java:57)
	at sun.reflect.DelegatingConstructorAccessorImpl.newInstance(DelegatingConstructorAccessorImpl.java:45)
	at java.lang.reflect.Constructor.newInstance(Constructor.java:526)
	at org.openqa.selenium.remote.ErrorHandler.createThrowable(ErrorHandler.java:204)
	at org.openqa.selenium.remote.ErrorHandler.throwIfResponseFailed(ErrorHandler.java:156)
	at org.openqa.selenium.remote.RemoteWebDriver.execute(RemoteWebDriver.java:599)
	at org.openqa.selenium.remote.RemoteWebDriver.findElements(RemoteWebDriver.java:377)
	at org.openqa.selenium.remote.RemoteWebDriver.findElementsByLinkText(RemoteWebDriver.java:405)
	at org.openqa.selenium.By$ByLinkText.findElements(By.java:237)
	at org.openqa.selenium.remote.RemoteWebDriver.findElements(RemoteWebDriver.java:340)
	at example.LoginTest.testLogin(LoginTest.java:31)
</failure>
    <system-out>Configuring TestNG with: org.apache.maven.surefire.testng.conf.TestNGMapConfigurator@7cc3feb6
</system-out>
    <system-err>Starting ChromeDriver 2.19.346067 (6abd8652f8bc7a1d825962003ac88ec6a37a82f1) on port 1284
Only local connections are allowed.
</system-err>
  </testcase>
</testsuite>