<?xml version="1.0" encoding="UTF-8"?>
<testng-results skipped="0" failed="0" total="1" passed="1">
  <reporter-output>
  </reporter-output>
  <suite name="example.NewTest" duration-ms="159757" started-at="2015-09-07T17:01:00Z" finished-at="2015-09-07T17:03:40Z">
    <groups>
    </groups>
    <test name="Command line test" duration-ms="159757" started-at="2015-09-07T17:01:00Z" finished-at="2015-09-07T17:03:40Z">
      <class name="example.NewTest">
        <test-method status="PASS" signature="beforeTest()[pri:0, instance:example.NewTest@5f2050f6]" name="beforeTest" is-config="true" duration-ms="31" started-at="2015-09-07T22:31:00Z" finished-at="2015-09-07T22:31:00Z">
          <reporter-output>
          </reporter-output>
        </test-method> <!-- beforeTest -->
        <test-method status="PASS" signature="testEasy()[pri:0, instance:example.NewTest@5f2050f6]" name="testEasy" duration-ms="159350" started-at="2015-09-07T22:31:00Z" finished-at="2015-09-07T22:33:40Z">
          <reporter-output>
          </reporter-output>
        </test-method> <!-- testEasy -->
        <test-method status="PASS" signature="afterTest()[pri:0, instance:example.NewTest@5f2050f6]" name="afterTest" is-config="true" duration-ms="52" started-at="2015-09-07T22:33:40Z" finished-at="2015-09-07T22:33:40Z">
          <reporter-output>
          </reporter-output>
        </test-method> <!-- afterTest -->
      </class> <!-- example.NewTest -->
    </test> <!-- Command line test -->
  </suite> <!-- example.NewTest -->
</testng-results>
