<?xml version="1.0" encoding="UTF-8"?>
<!-- Generated by org.testng.reporters.JUnitXMLReporter -->
<testsuite hostname="innovationteam-ThinkPad-T440p" name="Command line test" tests="3" failures="0" timestamp="9 Sep 2015 12:00:42 GMT" time="19.518" errors="0">
  <testcase name="testLogin" time="14.431" classname="nexsales.SupervisorTest"/>
  <testcase name="testIsOnline" time="0.027" classname="nexsales.SupervisorTest"/>
  <testcase name="testMenuPresent" time="0.03" classname="nexsales.SupervisorTest"/>
</testsuite> <!-- Command line test -->
